Start testing: Apr 25 15:44 UTC
----------------------------------------------------------
1/1 Testing: ipt
1/1 Test: ipt
Command: "/home/travis/build/alexhamster/homework_4/test_ip_print"
Directory: /home/travis/build/alexhamster/homework_4
"ipt" start time: Apr 25 15:44 UTC
Output:
----------------------------------------------------------
Running 4 test cases...
123.45.67.89.101.112.131.41
1.3.7.8.2
13.54.34.64.344
Hello, World!

*** No errors detected
<end of output>
Test time =   0.00 sec
----------------------------------------------------------
Test Passed.
"ipt" end time: Apr 25 15:44 UTC
"ipt" time elapsed: 00:00:00
----------------------------------------------------------

End testing: Apr 25 15:44 UTC
